
> credit-scoring@1.0.0 dev
> next dev

  ▲ Next.js 14.2.35
  - Local:        http://localhost:3000
  - Environments: .env.local

 ✓ Starting...
 ✓ Ready in 1764ms
 ○ Compiling / ...
 ✓ Compiled / in 2.2s (503 modules)
 GET / 200 in 2468ms
 ✓ Compiled in 233ms (259 modules)
 ✓ Compiled /api/health in 244ms (274 modules)
 GET /api/health 200 in 327ms
 ✓ Compiled /api/predict in 125ms (276 modules)
 POST /api/predict 200 in 3130ms
 ✓ Compiled /api/rag/advisor in 87ms (278 modules)
 POST /api/rag/advisor 200 in 4509ms
 ✓ Compiled /api/rag/query in 84ms (280 modules)
 POST /api/rag/query 200 in 133ms
 POST /api/rag/query 200 in 1495ms
 POST /api/rag/query 200 in 1278ms
